<?xml version="1.0" encoding="UTF-8"?>
<!-- Generated by org.testng.reporters.JUnitReportReporter -->
<testsuite hostname="LIN51006103" failures="0" tests="3" name="Sadhanapratice.TestDemo" time="0.012" errors="0" timestamp="2021-08-05T14:31:27 IST" skipped="0">
  <testcase classname="Sadhanapratice.TestDemo" name="method3" time="0.010"/>
  <system-out/>
  <testcase classname="Sadhanapratice.TestDemo" name="method2" time="0.001"/>
  <system-out/>
  <testcase classname="Sadhanapratice.TestDemo" name="method1" time="0.001"/>
  <system-out/>
</testsuite> <!-- Sadhanapratice.TestDemo -->
