<?xml version="1.0" encoding="UTF-8"?>
<!-- Generated by org.testng.reporters.JUnitReportReporter -->
<testsuite hostname="LIN51006103" failures="0" tests="4" name="Dataproviderdemo.TestDataprovider" time="0.017" errors="0" timestamp="2021-08-06T18:57:24 IST" skipped="0">
  <testcase classname="Dataproviderdemo.TestDataprovider" name="test" time="0.009"/>
  <system-out/>
  <testcase classname="Dataproviderdemo.TestDataprovider" name="test" time="0.005"/>
  <system-out/>
  <testcase classname="Dataproviderdemo.TestDataprovider" name="test" time="0.001"/>
  <system-out/>
  <testcase classname="Dataproviderdemo.TestDataprovider" name="test" time="0.002"/>
  <system-out/>
</testsuite> <!-- Dataproviderdemo.TestDataprovider -->
