<?xml version="1.0" encoding="UTF-8"?>
<!-- Generated by org.testng.reporters.JUnitReportReporter -->
<testsuite hostname="LIN51006103" failures="0" tests="4" name="TestNG.Testdataprovider" time="0.013" errors="0" timestamp="2021-08-05T21:35:49 IST" skipped="0">
  <testcase classname="TestNG.Testdataprovider" name="test" time="0.002"/>
  <system-out/>
  <testcase classname="TestNG.Testdataprovider" name="test" time="0.002"/>
  <system-out/>
  <testcase classname="TestNG.Testdataprovider" name="test" time="0.008"/>
  <system-out/>
  <testcase classname="TestNG.Testdataprovider" name="test" time="0.001"/>
  <system-out/>
</testsuite> <!-- TestNG.Testdataprovider -->
