<?xml version="1.0" encoding="UTF-8"?>
<!-- Generated by org.testng.reporters.JUnitReportReporter -->
<testsuite hostname="LIN51006103" failures="0" tests="3" name="TestNG.Basicoftestng" time="0.018" errors="0" timestamp="2021-08-05T22:34:56 IST" skipped="0">
  <testcase classname="TestNG.Basicoftestng" name="testmethod1" time="0.014"/>
  <system-out/>
  <testcase classname="TestNG.Basicoftestng" name="testmethod3" time="0.002"/>
  <system-out/>
  <testcase classname="TestNG.Basicoftestng" name="testmethod2" time="0.002"/>
  <system-out/>
</testsuite> <!-- TestNG.Basicoftestng -->
