<?xml version="1.0" encoding="UTF-8"?>
<!-- Generated by org.testng.reporters.JUnitReportReporter -->
<testsuite hostname="LIN51006103" failures="0" tests="2" name="framework.TestCase" time="8.851" errors="0" timestamp="2021-08-12T14:44:30 IST" skipped="0">
  <testcase classname="framework.TestCase" name="initbrowse" time="8.725"/>
  <system-out/>
  <testcase classname="framework.TestCase" name="navigate" time="0.126"/>
  <system-out/>
</testsuite> <!-- framework.TestCase -->
